<?xml version="1.0" encoding="UTF-8"?>
<!-- Generated by org.testng.reporters.JUnitReportReporter -->
<testsuite skipped="0" hostname="DESKTOP-TGTBS4A" name="luong.vien.testCases.ExecuteTest" tests="1" failures="0" timestamp="04 Mar 2019 07:37:24 GMT" time="29.691" errors="0">
  <testcase name="testLogin" time="29.691" classname="luong.vien.testCases.ExecuteTest"/>
</testsuite> <!-- luong.vien.testCases.ExecuteTest -->
