<?xml version="1.0" encoding="UTF-8"?>
<!-- Generated by org.testng.reporters.JUnitReportReporter -->
<testsuite skipped="0" hostname="DESKTOP-TGTBS4A" name="testCases.ExecuteTest" tests="1" failures="0" timestamp="28 Feb 2019 11:04:44 GMT" time="9.127" errors="0">
  <testcase name="testLogin" time="9.127" classname="testCases.ExecuteTest"/>
</testsuite> <!-- testCases.ExecuteTest -->
